<?xml version="1.0" encoding="UTF-8"?>
<testng-results ignored="0" total="1" passed="1" failed="0" skipped="0">
  <reporter-output>
  </reporter-output>
  <suite started-at="2025-07-21T17:36:32 IST" name="Default suite" finished-at="2025-07-21T17:36:42 IST" duration-ms="9945">
    <groups>
    </groups>
    <test started-at="2025-07-21T17:36:32 IST" name="Default test" finished-at="2025-07-21T17:36:42 IST" duration-ms="9945">
      <class name="q_Maven_CMD.b_CreateOrgWithIndustry_Test">
        <test-method is-config="true" signature="configBS()[pri:0, instance:q_Maven_CMD.b_CreateOrgWithIndustry_Test@3eb738bb]" started-at="2025-07-21T17:36:32 IST" name="configBS" finished-at="2025-07-21T17:36:32 IST" duration-ms="111" status="PASS">
          <reporter-output>
          </reporter-output>
        </test-method> <!-- configBS -->
        <test-method is-config="true" signature="configBC()[pri:0, instance:q_Maven_CMD.b_CreateOrgWithIndustry_Test@3eb738bb]" started-at="2025-07-21T17:36:32 IST" name="configBC" finished-at="2025-07-21T17:36:33 IST" duration-ms="932" status="PASS">
          <reporter-output>
          </reporter-output>
        </test-method> <!-- configBC -->
        <test-method is-config="true" signature="configBM()[pri:0, instance:q_Maven_CMD.b_CreateOrgWithIndustry_Test@3eb738bb]" started-at="2025-07-21T17:36:33 IST" name="configBM" finished-at="2025-07-21T17:36:34 IST" duration-ms="600" status="PASS">
          <reporter-output>
          </reporter-output>
        </test-method> <!-- configBM -->
        <test-method signature="createOrganizationWithIndustry_Test()[pri:0, instance:q_Maven_CMD.b_CreateOrgWithIndustry_Test@3eb738bb]" started-at="2025-07-21T17:36:34 IST" name="createOrganizationWithIndustry_Test" finished-at="2025-07-21T17:36:41 IST" duration-ms="6957" status="PASS">
          <reporter-output>
          </reporter-output>
        </test-method> <!-- createOrganizationWithIndustry_Test -->
        <test-method is-config="true" signature="configAM()[pri:0, instance:q_Maven_CMD.b_CreateOrgWithIndustry_Test@3eb738bb]" started-at="2025-07-21T17:36:41 IST" name="configAM" finished-at="2025-07-21T17:36:42 IST" duration-ms="1279" status="PASS">
          <reporter-output>
          </reporter-output>
        </test-method> <!-- configAM -->
        <test-method is-config="true" signature="configAC()[pri:0, instance:q_Maven_CMD.b_CreateOrgWithIndustry_Test@3eb738bb]" started-at="2025-07-21T17:36:42 IST" name="configAC" finished-at="2025-07-21T17:36:42 IST" duration-ms="130" status="PASS">
          <reporter-output>
          </reporter-output>
        </test-method> <!-- configAC -->
        <test-method is-config="true" signature="configAS()[pri:0, instance:q_Maven_CMD.b_CreateOrgWithIndustry_Test@3eb738bb]" started-at="2025-07-21T17:36:42 IST" name="configAS" finished-at="2025-07-21T17:36:42 IST" duration-ms="0" status="PASS">
          <reporter-output>
          </reporter-output>
        </test-method> <!-- configAS -->
      </class> <!-- q_Maven_CMD.b_CreateOrgWithIndustry_Test -->
    </test> <!-- Default test -->
  </suite> <!-- Default suite -->
</testng-results>
