<?xml version="1.0" encoding="UTF-8"?>
<!-- Generated by org.testng.reporters.JUnitXMLReporter -->
<testsuite ignored="2" hostname="Aditya" failures="0" tests="2" name="Test" time="20.521" errors="0" timestamp="2025-07-23T16:30:02 IST">
  <testcase classname="q_Maven_CMD.a_CreateOrg_Test" name="createOrg_Test" time="4.612"/>
  <testcase classname="q_Maven_CMD.b_CreateOrgWithIndustry_Test" name="createOrganizationWithIndustry_Test" time="8.897"/>
  <testcase classname="com.concast.crm.baseTest.a_BaseClass" name="@AfterSuite configAS" time="0.0">
    <ignored/>
  </testcase> <!-- @AfterSuite configAS -->
  <testcase classname="com.concast.crm.baseTest.a_BaseClass" name="@BeforeSuite configBS" time="0.0">
    <ignored/>
  </testcase> <!-- @BeforeSuite configBS -->
</testsuite> <!-- Test -->
